<?xml version="1.0" encoding="UTF-8"?>
<testng-results skipped="0" failed="0" ignored="0" total="1" passed="1">
  <reporter-output>
  </reporter-output>
  <suite name="Page Object test example" duration-ms="13513" started-at="2017-06-27T16:27:30Z" finished-at="2017-06-27T16:27:43Z">
    <groups>
    </groups>
    <test name="sample test" duration-ms="13513" started-at="2017-06-27T16:27:30Z" finished-at="2017-06-27T16:27:43Z">
      <class name="com.pack.common.tests.BasePageTest">
        <test-method status="PASS" signature="initializeTestBaseSetup(java.lang.String, java.lang.String)[pri:0, instance:com.pack.common.tests.BasePageTest@523884b2]" name="initializeTestBaseSetup" is-config="true" duration-ms="13387" started-at="2017-06-27T18:27:30Z" finished-at="2017-06-27T18:27:43Z">
          <params>
            <param index="0">
              <value>
                <![CDATA[chrome]]>
              </value>
            </param>
            <param index="1">
              <value>
                <![CDATA[http://www.lufthansa.com/pl/pl/Homepage]]>
              </value>
            </param>
          </params>
          <reporter-output>
          </reporter-output>
        </test-method> <!-- initializeTestBaseSetup -->
        <test-method status="PASS" signature="setUp()[pri:0, instance:com.pack.common.tests.BasePageTest@523884b2]" name="setUp" is-config="true" duration-ms="1" started-at="2017-06-27T18:27:43Z" finished-at="2017-06-27T18:27:43Z">
          <reporter-output>
          </reporter-output>
        </test-method> <!-- setUp -->
        <test-method status="PASS" signature="verifyHomePage()[pri:0, instance:com.pack.common.tests.BasePageTest@523884b2]" name="verifyHomePage" duration-ms="22" started-at="2017-06-27T18:27:43Z" finished-at="2017-06-27T18:27:43Z">
          <reporter-output>
          </reporter-output>
        </test-method> <!-- verifyHomePage -->
        <test-method status="PASS" signature="tearDown()[pri:0, instance:com.pack.common.tests.BasePageTest@523884b2]" name="tearDown" is-config="true" duration-ms="80" started-at="2017-06-27T18:27:43Z" finished-at="2017-06-27T18:27:43Z">
          <reporter-output>
          </reporter-output>
        </test-method> <!-- tearDown -->
      </class> <!-- com.pack.common.tests.BasePageTest -->
    </test> <!-- sample test -->
  </suite> <!-- Page Object test example -->
</testng-results>
