<?xml version="1.0" encoding="UTF-8"?>
<testng-results skipped="0" failed="0" ignored="0" total="1" passed="1">
  <reporter-output>
  </reporter-output>
  <suite name="Page Object test example" duration-ms="289332" started-at="2017-06-28T12:43:20Z" finished-at="2017-06-28T12:48:09Z">
    <groups>
    </groups>
    <test name="sample test" duration-ms="289332" started-at="2017-06-28T12:43:20Z" finished-at="2017-06-28T12:48:09Z">
      <class name="com.pack.common.tests.BookFlightTest">
        <test-method status="PASS" signature="initializeTestBaseSetup(java.lang.String, java.lang.String)[pri:0, instance:com.pack.common.tests.BookFlightTest@4c70fda8]" name="initializeTestBaseSetup" is-config="true" duration-ms="197267" started-at="2017-06-28T14:43:20Z" finished-at="2017-06-28T14:46:37Z">
          <params>
            <param index="0">
              <value>
                <![CDATA[chrome]]>
              </value>
            </param>
            <param index="1">
              <value>
                <![CDATA[http://www.lufthansa.com/pl/pl/Homepage]]>
              </value>
            </param>
          </params>
          <reporter-output>
          </reporter-output>
        </test-method> <!-- initializeTestBaseSetup -->
        <test-method status="PASS" signature="setUp()[pri:0, instance:com.pack.common.tests.BookFlightTest@4c70fda8]" name="setUp" is-config="true" duration-ms="0" started-at="2017-06-28T14:46:37Z" finished-at="2017-06-28T14:46:37Z">
          <reporter-output>
          </reporter-output>
        </test-method> <!-- setUp -->
        <test-method status="PASS" signature="verifyCreateAnAccounPage()[pri:0, instance:com.pack.common.tests.BookFlightTest@4c70fda8]" name="verifyCreateAnAccounPage" duration-ms="91120" started-at="2017-06-28T14:46:37Z" finished-at="2017-06-28T14:48:08Z">
          <reporter-output>
          </reporter-output>
        </test-method> <!-- verifyCreateAnAccounPage -->
        <test-method status="PASS" signature="tearDown()[pri:0, instance:com.pack.common.tests.BookFlightTest@4c70fda8]" name="tearDown" is-config="true" duration-ms="933" started-at="2017-06-28T14:48:09Z" finished-at="2017-06-28T14:48:09Z">
          <reporter-output>
          </reporter-output>
        </test-method> <!-- tearDown -->
      </class> <!-- com.pack.common.tests.BookFlightTest -->
    </test> <!-- sample test -->
  </suite> <!-- Page Object test example -->
</testng-results>
